<?xml version="1.0" encoding="UTF-8"?>
<testng-results ignored="0" total="3" passed="3" failed="0" skipped="0">
  <reporter-output>
  </reporter-output>
  <suite started-at="2022-09-30T07:23:32 IST" name="Default suite" finished-at="2022-09-30T07:23:33 IST" duration-ms="163">
    <groups>
      <group name="regression1">
        <method signature="TestClass1.TC01()[pri:0, instance:testclasses.TestClass1@52e6fdee]" name="TC01" class="testclasses.TestClass1"/>
      </group> <!-- regression1 -->
      <group name="regression2">
        <method signature="TestClass1.TC02()[pri:0, instance:testclasses.TestClass1@52e6fdee]" name="TC02" class="testclasses.TestClass1"/>
      </group> <!-- regression2 -->
    </groups>
    <test started-at="2022-09-30T07:23:32 IST" name="Default test" finished-at="2022-09-30T07:23:33 IST" duration-ms="163">
      <class name="testclasses.TestClass1">
        <test-method is-config="true" signature="BeforeTest()[pri:0, instance:testclasses.TestClass1@52e6fdee]" started-at="2022-09-30T07:23:32 IST" name="BeforeTest" finished-at="2022-09-30T07:23:33 IST" duration-ms="14" status="PASS">
          <reporter-output>
          </reporter-output>
        </test-method> <!-- BeforeTest -->
        <test-method signature="TC01()[pri:0, instance:testclasses.TestClass1@52e6fdee]" started-at="2022-09-30T07:23:33 IST" name="TC01" finished-at="2022-09-30T07:23:33 IST" duration-ms="16" status="PASS">
          <reporter-output>
          </reporter-output>
        </test-method> <!-- TC01 -->
        <test-method signature="TC02()[pri:0, instance:testclasses.TestClass1@52e6fdee]" started-at="2022-09-30T07:23:33 IST" name="TC02" finished-at="2022-09-30T07:23:33 IST" duration-ms="9" status="PASS">
          <reporter-output>
          </reporter-output>
        </test-method> <!-- TC02 -->
        <test-method signature="TC03()[pri:0, instance:testclasses.TestClass1@52e6fdee]" started-at="2022-09-30T07:23:33 IST" name="TC03" finished-at="2022-09-30T07:23:33 IST" duration-ms="5" status="PASS">
          <reporter-output>
          </reporter-output>
        </test-method> <!-- TC03 -->
      </class> <!-- testclasses.TestClass1 -->
    </test> <!-- Default test -->
  </suite> <!-- Default suite -->
</testng-results>
