<?xml version="1.0" encoding="UTF-8"?>
<!-- Generated by org.testng.reporters.JUnitXMLReporter -->
<testsuite ignored="0" hostname="Life" failures="0" tests="3" name="Default test" time="0.163" errors="0" timestamp="2022-09-30T07:23:33 IST">
  <testcase classname="testclasses.TestClass1" name="TC01" time="0.016"/>
  <testcase classname="testclasses.TestClass1" name="TC02" time="0.009"/>
  <testcase classname="testclasses.TestClass1" name="TC03" time="0.005"/>
</testsuite> <!-- Default test -->
