<?xml version="1.0" encoding="UTF-8"?>
<!-- Generated by org.testng.reporters.JUnitXMLReporter -->
<testsuite ignored="0" hostname="Life" failures="0" tests="9" name="Test2" time="0.23" errors="0" timestamp="2022-09-29T23:35:01 IST">
  <testcase classname="testclasses.TestClass1" name="TC01" time="0.018"/>
  <testcase classname="testclasses.TestClass2" name="TC01" time="0.015"/>
  <testcase classname="testclasses.TestClass3" name="TC01" time="0.037"/>
  <testcase classname="testclasses.TestClass3" name="TC02" time="0.011"/>
  <testcase classname="testclasses.TestClass3" name="TC03" time="0.002"/>
  <testcase classname="testclasses.TestClass1" name="TC02" time="0.01"/>
  <testcase classname="testclasses.TestClass2" name="TC02" time="0.01"/>
  <testcase classname="testclasses.TestClass1" name="TC03" time="0.002"/>
  <testcase classname="testclasses.TestClass2" name="TC03" time="0.002"/>
</testsuite> <!-- Test2 -->
