<?xml version="1.0" encoding="UTF-8"?>
<!-- Generated by org.testng.reporters.JUnitXMLReporter -->
<testsuite ignored="0" hostname="Life" failures="0" tests="6" name="Test1" time="0.096" errors="0" timestamp="2022-09-29T23:04:52 IST">
  <testcase classname="testclasses.TestClass2" name="TC01" time="0.013"/>
  <testcase classname="testclasses.TestClass2" name="TC02" time="0.002"/>
  <testcase classname="testclasses.TestClass2" name="TC03" time="0.001"/>
  <testcase classname="testclasses.TestClass3" name="TC01" time="0.006"/>
  <testcase classname="testclasses.TestClass3" name="TC02" time="0.002"/>
  <testcase classname="testclasses.TestClass3" name="TC03" time="0.002"/>
</testsuite> <!-- Test1 -->
