<?xml version="1.0" encoding="UTF-8"?>
<!-- Generated by org.testng.reporters.JUnitXMLReporter -->
<testsuite ignored="6" hostname="Life" failures="0" tests="3" name="Test" time="0.186" errors="0" timestamp="2022-09-30T07:23:26 IST">
  <testcase classname="testclasses.TestClass1" name="TC01" time="0.025"/>
  <testcase classname="testclasses.TestClass2" name="TC01" time="0.005"/>
  <testcase classname="testclasses.TestClass3" name="TC01" time="0.01"/>
  <testcase classname="testclasses.TestClass3" name="TC02" time="0.0">
    <ignored/>
  </testcase> <!-- TC02 -->
  <testcase classname="testclasses.TestClass3" name="TC03" time="0.0">
    <ignored/>
  </testcase> <!-- TC03 -->
  <testcase classname="testclasses.TestClass1" name="TC03" time="0.0">
    <ignored/>
  </testcase> <!-- TC03 -->
  <testcase classname="testclasses.TestClass2" name="TC02" time="0.0">
    <ignored/>
  </testcase> <!-- TC02 -->
  <testcase classname="testclasses.TestClass1" name="TC02" time="0.0">
    <ignored/>
  </testcase> <!-- TC02 -->
  <testcase classname="testclasses.TestClass2" name="TC03" time="0.0">
    <ignored/>
  </testcase> <!-- TC03 -->
</testsuite> <!-- Test -->
